\BOOKMARK [-1][-]{part.1}{I Operating System}{}% 1
\BOOKMARK [-1][-]{part.2}{II Dependencies}{}% 2
\BOOKMARK [-1][-]{part.3}{III Step 1:}{}% 3
\BOOKMARK [-1][-]{part.4}{IV Step 2:}{}% 4
\BOOKMARK [-1][-]{part.5}{V Step 3:}{}% 5
\BOOKMARK [-1][-]{part.6}{VI Step 4:}{}% 6
\BOOKMARK [-1][-]{part.7}{VII DONE!}{}% 7
\BOOKMARK [-1][-]{part.8}{VIII Manual}{}% 8
\BOOKMARK [0][-]{chapter.1}{1.0 gmg Models}{part.8}% 9
\BOOKMARK [1][-]{section.1.1}{1.1 Creating a New Model}{chapter.1}% 10
\BOOKMARK [1][-]{section.1.2}{1.2 Saving a Model}{chapter.1}% 11
\BOOKMARK [1][-]{section.1.3}{1.2 Loading a Model}{chapter.1}% 12
\BOOKMARK [0][-]{chapter.2}{2.0 Potential field data}{part.8}% 13
\BOOKMARK [1][-]{section.2.1}{2.1 Potential field calculations}{chapter.2}% 14
\BOOKMARK [1][-]{section.2.2}{2.2 Loading observed potential field data}{chapter.2}% 15
\BOOKMARK [0][-]{chapter.3}{3.0 Model Layers}{part.8}% 16
\BOOKMARK [1][-]{section.3.1}{3.1 Adding a layer}{chapter.3}% 17
\BOOKMARK [1][-]{section.3.2}{3.2 Adding a New Node to a Layer}{chapter.3}% 18
\BOOKMARK [1][-]{section.3.3}{3.3 Deleting a Node From a Layer}{chapter.3}% 19
\BOOKMARK [1][-]{section.3.4}{3.4 Pinching nodes}{chapter.3}% 20
\BOOKMARK [0][-]{chapter.4}{4.0 Layer attributes}{part.8}% 21
\BOOKMARK [1][-]{section.4.1}{4.1 Density}{chapter.4}% 22
\BOOKMARK [1][-]{section.4.2}{4.2 Magnetic Susceptibility}{chapter.4}% 23
\BOOKMARK [1][-]{section.4.3}{4.3 Remenant Magnetism}{chapter.4}% 24
\BOOKMARK [0][-]{chapter.5}{5.0 SEGY data}{part.8}% 25
\BOOKMARK [1][-]{section.5.1}{5.1 Loading SEGY data}{chapter.5}% 26
\BOOKMARK [0][-]{chapter.6}{6.0 Well data}{part.8}% 27
\BOOKMARK [1][-]{section.6.1}{6.1 Loading well data}{chapter.6}% 28
\BOOKMARK [0][-]{chapter.7}{7.0 Geologic data}{part.8}% 29
\BOOKMARK [1][-]{section.7.1}{7.1 Loading geologic data}{chapter.7}% 30
\BOOKMARK [0][-]{chapter.8}{Keyboard Shortcuts}{part.8}% 31
\BOOKMARK [0][-]{chapter.9}{Icon Shortcuts}{part.8}% 32
\BOOKMARK [-1][-]{part.9}{IX Tutorial}{}% 33
\BOOKMARK [-1][-]{part.10}{X References}{}% 34
\BOOKMARK [-1][-]{part.11}{XI Licencing}{}% 35
\BOOKMARK [0][-]{chapter.10}{gmg Licence}{part.11}% 36
\BOOKMARK [0][-]{chapter.11}{Fatiando a Terra Licence}{part.11}% 37
